2025-01-26 19:21:25,720 [Worker-1: Loading available Gradle versions] INFO  o.e.b.c.i.u.g.PublishedGradleVersions - Gradle version information cache is out-of-date. Trying to update.
2025-01-26 19:23:55,892 [Worker-11: Launching mavenrun-80b11d94-4ee7-470f-a29b-dda1f85cb8dd] INFO  o.eclipse.m2e.core.internal.Bundles - getClasspathEntries(Bundle=org.eclipse.m2e.maven.runtime_3.9.900.20240824-1409 [297])
2025-01-26 19:23:55,896 [Worker-11: Launching mavenrun-80b11d94-4ee7-470f-a29b-dda1f85cb8dd] INFO  o.eclipse.m2e.core.internal.Bundles - 	Entry: C:\Users\bharath\.p2\pool\plugins\org.eclipse.m2e.maven.runtime_3.9.900.20240824-1409
2025-01-26 19:23:55,897 [Worker-11: Launching mavenrun-80b11d94-4ee7-470f-a29b-dda1f85cb8dd] INFO  o.eclipse.m2e.core.internal.Bundles - 	Entry: C:\Users\bharath\.p2\pool\plugins\org.eclipse.m2e.maven.runtime_3.9.900.20240824-1409\jars\aopalliance-1.0.jar
2025-01-26 19:23:55,897 [Worker-11: Launching mavenrun-80b11d94-4ee7-470f-a29b-dda1f85cb8dd] INFO  o.eclipse.m2e.core.internal.Bundles - 	Entry: C:\Users\bharath\.p2\pool\plugins\org.eclipse.m2e.maven.runtime_3.9.900.20240824-1409\jars\guice-5.1.0.jar
2025-01-26 19:23:55,897 [Worker-11: Launching mavenrun-80b11d94-4ee7-470f-a29b-dda1f85cb8dd] INFO  o.eclipse.m2e.core.internal.Bundles - 	Entry: C:\Users\bharath\.p2\pool\plugins\org.eclipse.m2e.maven.runtime_3.9.900.20240824-1409\jars\httpclient-4.5.14.jar
2025-01-26 19:23:55,897 [Worker-11: Launching mavenrun-80b11d94-4ee7-470f-a29b-dda1f85cb8dd] INFO  o.eclipse.m2e.core.internal.Bundles - 	Entry: C:\Users\bharath\.p2\pool\plugins\org.eclipse.m2e.maven.runtime_3.9.900.20240824-1409\jars\httpcore-4.4.16.jar
2025-01-26 19:23:55,898 [Worker-11: Launching mavenrun-80b11d94-4ee7-470f-a29b-dda1f85cb8dd] INFO  o.eclipse.m2e.core.internal.Bundles - 	Entry: C:\Users\bharath\.p2\pool\plugins\org.eclipse.m2e.maven.runtime_3.9.900.20240824-1409\jars\jansi-2.4.1.jar
2025-01-26 19:23:55,898 [Worker-11: Launching mavenrun-80b11d94-4ee7-470f-a29b-dda1f85cb8dd] INFO  o.eclipse.m2e.core.internal.Bundles - 	Entry: C:\Users\bharath\.p2\pool\plugins\org.eclipse.m2e.maven.runtime_3.9.900.20240824-1409\jars\jcl-over-slf4j-1.7.36.jar
2025-01-26 19:23:55,898 [Worker-11: Launching mavenrun-80b11d94-4ee7-470f-a29b-dda1f85cb8dd] INFO  o.eclipse.m2e.core.internal.Bundles - 	Entry: C:\Users\bharath\.p2\pool\plugins\org.eclipse.m2e.maven.runtime_3.9.900.20240824-1409\jars\maven-artifact-3.9.9.jar
2025-01-26 19:23:55,898 [Worker-11: Launching mavenrun-80b11d94-4ee7-470f-a29b-dda1f85cb8dd] INFO  o.eclipse.m2e.core.internal.Bundles - 	Entry: C:\Users\bharath\.p2\pool\plugins\org.eclipse.m2e.maven.runtime_3.9.900.20240824-1409\jars\maven-builder-support-3.9.9.jar
2025-01-26 19:23:55,898 [Worker-11: Launching mavenrun-80b11d94-4ee7-470f-a29b-dda1f85cb8dd] INFO  o.eclipse.m2e.core.internal.Bundles - 	Entry: C:\Users\bharath\.p2\pool\plugins\org.eclipse.m2e.maven.runtime_3.9.900.20240824-1409\jars\maven-compat-3.9.9.jar
2025-01-26 19:23:55,898 [Worker-11: Launching mavenrun-80b11d94-4ee7-470f-a29b-dda1f85cb8dd] INFO  o.eclipse.m2e.core.internal.Bundles - 	Entry: C:\Users\bharath\.p2\pool\plugins\org.eclipse.m2e.maven.runtime_3.9.900.20240824-1409\jars\maven-core-3.9.9.jar
2025-01-26 19:23:55,898 [Worker-11: Launching mavenrun-80b11d94-4ee7-470f-a29b-dda1f85cb8dd] INFO  o.eclipse.m2e.core.internal.Bundles - 	Entry: C:\Users\bharath\.p2\pool\plugins\org.eclipse.m2e.maven.runtime_3.9.900.20240824-1409\jars\maven-embedder-3.9.9.jar
2025-01-26 19:23:55,898 [Worker-11: Launching mavenrun-80b11d94-4ee7-470f-a29b-dda1f85cb8dd] INFO  o.eclipse.m2e.core.internal.Bundles - 	Entry: C:\Users\bharath\.p2\pool\plugins\org.eclipse.m2e.maven.runtime_3.9.900.20240824-1409\jars\maven-model-3.9.9.jar
2025-01-26 19:23:55,899 [Worker-11: Launching mavenrun-80b11d94-4ee7-470f-a29b-dda1f85cb8dd] INFO  o.eclipse.m2e.core.internal.Bundles - 	Entry: C:\Users\bharath\.p2\pool\plugins\org.eclipse.m2e.maven.runtime_3.9.900.20240824-1409\jars\maven-model-builder-3.9.9.jar
2025-01-26 19:23:55,899 [Worker-11: Launching mavenrun-80b11d94-4ee7-470f-a29b-dda1f85cb8dd] INFO  o.eclipse.m2e.core.internal.Bundles - 	Entry: C:\Users\bharath\.p2\pool\plugins\org.eclipse.m2e.maven.runtime_3.9.900.20240824-1409\jars\maven-plugin-api-3.9.9.jar
2025-01-26 19:23:55,899 [Worker-11: Launching mavenrun-80b11d94-4ee7-470f-a29b-dda1f85cb8dd] INFO  o.eclipse.m2e.core.internal.Bundles - 	Entry: C:\Users\bharath\.p2\pool\plugins\org.eclipse.m2e.maven.runtime_3.9.900.20240824-1409\jars\maven-repository-metadata-3.9.9.jar
2025-01-26 19:23:55,899 [Worker-11: Launching mavenrun-80b11d94-4ee7-470f-a29b-dda1f85cb8dd] INFO  o.eclipse.m2e.core.internal.Bundles - 	Entry: C:\Users\bharath\.p2\pool\plugins\org.eclipse.m2e.maven.runtime_3.9.900.20240824-1409\jars\maven-resolver-api-1.9.22.jar
2025-01-26 19:23:55,899 [Worker-11: Launching mavenrun-80b11d94-4ee7-470f-a29b-dda1f85cb8dd] INFO  o.eclipse.m2e.core.internal.Bundles - 	Entry: C:\Users\bharath\.p2\pool\plugins\org.eclipse.m2e.maven.runtime_3.9.900.20240824-1409\jars\maven-resolver-connector-basic-1.9.22.jar
2025-01-26 19:23:55,899 [Worker-11: Launching mavenrun-80b11d94-4ee7-470f-a29b-dda1f85cb8dd] INFO  o.eclipse.m2e.core.internal.Bundles - 	Entry: C:\Users\bharath\.p2\pool\plugins\org.eclipse.m2e.maven.runtime_3.9.900.20240824-1409\jars\maven-resolver-impl-1.9.22.jar
2025-01-26 19:23:55,899 [Worker-11: Launching mavenrun-80b11d94-4ee7-470f-a29b-dda1f85cb8dd] INFO  o.eclipse.m2e.core.internal.Bundles - 	Entry: C:\Users\bharath\.p2\pool\plugins\org.eclipse.m2e.maven.runtime_3.9.900.20240824-1409\jars\maven-resolver-named-locks-1.9.22.jar
2025-01-26 19:23:55,900 [Worker-11: Launching mavenrun-80b11d94-4ee7-470f-a29b-dda1f85cb8dd] INFO  o.eclipse.m2e.core.internal.Bundles - 	Entry: C:\Users\bharath\.p2\pool\plugins\org.eclipse.m2e.maven.runtime_3.9.900.20240824-1409\jars\maven-resolver-provider-3.9.9.jar
2025-01-26 19:23:55,900 [Worker-11: Launching mavenrun-80b11d94-4ee7-470f-a29b-dda1f85cb8dd] INFO  o.eclipse.m2e.core.internal.Bundles - 	Entry: C:\Users\bharath\.p2\pool\plugins\org.eclipse.m2e.maven.runtime_3.9.900.20240824-1409\jars\maven-resolver-spi-1.9.22.jar
2025-01-26 19:23:55,900 [Worker-11: Launching mavenrun-80b11d94-4ee7-470f-a29b-dda1f85cb8dd] INFO  o.eclipse.m2e.core.internal.Bundles - 	Entry: C:\Users\bharath\.p2\pool\plugins\org.eclipse.m2e.maven.runtime_3.9.900.20240824-1409\jars\maven-resolver-transport-file-1.9.22.jar
2025-01-26 19:23:55,900 [Worker-11: Launching mavenrun-80b11d94-4ee7-470f-a29b-dda1f85cb8dd] INFO  o.eclipse.m2e.core.internal.Bundles - 	Entry: C:\Users\bharath\.p2\pool\plugins\org.eclipse.m2e.maven.runtime_3.9.900.20240824-1409\jars\maven-resolver-transport-http-1.9.22.jar
2025-01-26 19:23:55,900 [Worker-11: Launching mavenrun-80b11d94-4ee7-470f-a29b-dda1f85cb8dd] INFO  o.eclipse.m2e.core.internal.Bundles - 	Entry: C:\Users\bharath\.p2\pool\plugins\org.eclipse.m2e.maven.runtime_3.9.900.20240824-1409\jars\maven-resolver-transport-wagon-1.9.22.jar
2025-01-26 19:23:55,900 [Worker-11: Launching mavenrun-80b11d94-4ee7-470f-a29b-dda1f85cb8dd] INFO  o.eclipse.m2e.core.internal.Bundles - 	Entry: C:\Users\bharath\.p2\pool\plugins\org.eclipse.m2e.maven.runtime_3.9.900.20240824-1409\jars\maven-resolver-util-1.9.22.jar
2025-01-26 19:23:55,900 [Worker-11: Launching mavenrun-80b11d94-4ee7-470f-a29b-dda1f85cb8dd] INFO  o.eclipse.m2e.core.internal.Bundles - 	Entry: C:\Users\bharath\.p2\pool\plugins\org.eclipse.m2e.maven.runtime_3.9.900.20240824-1409\jars\maven-settings-3.9.9.jar
2025-01-26 19:23:55,900 [Worker-11: Launching mavenrun-80b11d94-4ee7-470f-a29b-dda1f85cb8dd] INFO  o.eclipse.m2e.core.internal.Bundles - 	Entry: C:\Users\bharath\.p2\pool\plugins\org.eclipse.m2e.maven.runtime_3.9.900.20240824-1409\jars\maven-settings-builder-3.9.9.jar
2025-01-26 19:23:55,900 [Worker-11: Launching mavenrun-80b11d94-4ee7-470f-a29b-dda1f85cb8dd] INFO  o.eclipse.m2e.core.internal.Bundles - 	Entry: C:\Users\bharath\.p2\pool\plugins\org.eclipse.m2e.maven.runtime_3.9.900.20240824-1409\jars\maven-shared-utils-3.4.2.jar
2025-01-26 19:23:55,900 [Worker-11: Launching mavenrun-80b11d94-4ee7-470f-a29b-dda1f85cb8dd] INFO  o.eclipse.m2e.core.internal.Bundles - 	Entry: C:\Users\bharath\.p2\pool\plugins\org.eclipse.m2e.maven.runtime_3.9.900.20240824-1409\jars\org.eclipse.sisu.inject-0.9.0.M3.jar
2025-01-26 19:23:55,901 [Worker-11: Launching mavenrun-80b11d94-4ee7-470f-a29b-dda1f85cb8dd] INFO  o.eclipse.m2e.core.internal.Bundles - 	Entry: C:\Users\bharath\.p2\pool\plugins\org.eclipse.m2e.maven.runtime_3.9.900.20240824-1409\jars\org.eclipse.sisu.plexus-0.9.0.M3.jar
2025-01-26 19:23:55,901 [Worker-11: Launching mavenrun-80b11d94-4ee7-470f-a29b-dda1f85cb8dd] INFO  o.eclipse.m2e.core.internal.Bundles - 	Entry: C:\Users\bharath\.p2\pool\plugins\org.eclipse.m2e.maven.runtime_3.9.900.20240824-1409\jars\plexus-build-api-0.0.7.jar
2025-01-26 19:23:55,901 [Worker-11: Launching mavenrun-80b11d94-4ee7-470f-a29b-dda1f85cb8dd] INFO  o.eclipse.m2e.core.internal.Bundles - 	Entry: C:\Users\bharath\.p2\pool\plugins\org.eclipse.m2e.maven.runtime_3.9.900.20240824-1409\jars\plexus-build-api-1.2.0.jar
2025-01-26 19:23:55,901 [Worker-11: Launching mavenrun-80b11d94-4ee7-470f-a29b-dda1f85cb8dd] INFO  o.eclipse.m2e.core.internal.Bundles - 	Entry: C:\Users\bharath\.p2\pool\plugins\org.eclipse.m2e.maven.runtime_3.9.900.20240824-1409\jars\plexus-cipher-2.0.jar
2025-01-26 19:23:55,901 [Worker-11: Launching mavenrun-80b11d94-4ee7-470f-a29b-dda1f85cb8dd] INFO  o.eclipse.m2e.core.internal.Bundles - 	Entry: C:\Users\bharath\.p2\pool\plugins\org.eclipse.m2e.maven.runtime_3.9.900.20240824-1409\jars\plexus-classworlds-2.8.0.jar
2025-01-26 19:23:55,901 [Worker-11: Launching mavenrun-80b11d94-4ee7-470f-a29b-dda1f85cb8dd] INFO  o.eclipse.m2e.core.internal.Bundles - 	Entry: C:\Users\bharath\.p2\pool\plugins\org.eclipse.m2e.maven.runtime_3.9.900.20240824-1409\jars\plexus-component-annotations-2.1.0.jar
2025-01-26 19:23:55,901 [Worker-11: Launching mavenrun-80b11d94-4ee7-470f-a29b-dda1f85cb8dd] INFO  o.eclipse.m2e.core.internal.Bundles - 	Entry: C:\Users\bharath\.p2\pool\plugins\org.eclipse.m2e.maven.runtime_3.9.900.20240824-1409\jars\plexus-interpolation-1.27.jar
2025-01-26 19:23:55,901 [Worker-11: Launching mavenrun-80b11d94-4ee7-470f-a29b-dda1f85cb8dd] INFO  o.eclipse.m2e.core.internal.Bundles - 	Entry: C:\Users\bharath\.p2\pool\plugins\org.eclipse.m2e.maven.runtime_3.9.900.20240824-1409\jars\plexus-sec-dispatcher-2.0.jar
2025-01-26 19:23:55,902 [Worker-11: Launching mavenrun-80b11d94-4ee7-470f-a29b-dda1f85cb8dd] INFO  o.eclipse.m2e.core.internal.Bundles - 	Entry: C:\Users\bharath\.p2\pool\plugins\org.eclipse.m2e.maven.runtime_3.9.900.20240824-1409\jars\plexus-utils-3.5.1.jar
2025-01-26 19:23:55,902 [Worker-11: Launching mavenrun-80b11d94-4ee7-470f-a29b-dda1f85cb8dd] INFO  o.eclipse.m2e.core.internal.Bundles - 	Entry: C:\Users\bharath\.p2\pool\plugins\org.eclipse.m2e.maven.runtime_3.9.900.20240824-1409\jars\plexus-xml-3.0.1.jar
2025-01-26 19:23:55,902 [Worker-11: Launching mavenrun-80b11d94-4ee7-470f-a29b-dda1f85cb8dd] INFO  o.eclipse.m2e.core.internal.Bundles - 	Entry: C:\Users\bharath\.p2\pool\plugins\org.eclipse.m2e.maven.runtime_3.9.900.20240824-1409\jars\wagon-file-3.5.3.jar
2025-01-26 19:23:55,902 [Worker-11: Launching mavenrun-80b11d94-4ee7-470f-a29b-dda1f85cb8dd] INFO  o.eclipse.m2e.core.internal.Bundles - 	Entry: C:\Users\bharath\.p2\pool\plugins\org.eclipse.m2e.maven.runtime_3.9.900.20240824-1409\jars\wagon-http-3.5.3.jar
2025-01-26 19:23:55,902 [Worker-11: Launching mavenrun-80b11d94-4ee7-470f-a29b-dda1f85cb8dd] INFO  o.eclipse.m2e.core.internal.Bundles - 	Entry: C:\Users\bharath\.p2\pool\plugins\org.eclipse.m2e.maven.runtime_3.9.900.20240824-1409\jars\wagon-http-shared-3.5.3.jar
2025-01-26 19:23:55,902 [Worker-11: Launching mavenrun-80b11d94-4ee7-470f-a29b-dda1f85cb8dd] INFO  o.eclipse.m2e.core.internal.Bundles - 	Entry: C:\Users\bharath\.p2\pool\plugins\org.eclipse.m2e.maven.runtime_3.9.900.20240824-1409\jars\wagon-provider-api-3.5.3.jar
2025-01-26 19:23:55,904 [Worker-11: Launching mavenrun-80b11d94-4ee7-470f-a29b-dda1f85cb8dd] INFO  o.eclipse.m2e.core.internal.Bundles - getClasspathEntries(Bundle=com.google.guava_33.3.0.jre [10])
2025-01-26 19:23:55,904 [Worker-11: Launching mavenrun-80b11d94-4ee7-470f-a29b-dda1f85cb8dd] INFO  o.eclipse.m2e.core.internal.Bundles - 	Entry: C:\Users\bharath\.p2\pool\plugins\com.google.guava_33.3.0.jre.jar
2025-01-26 19:23:55,904 [Worker-11: Launching mavenrun-80b11d94-4ee7-470f-a29b-dda1f85cb8dd] INFO  o.eclipse.m2e.core.internal.Bundles - getClasspathEntries(Bundle=slf4j.api_2.0.16 [519])
2025-01-26 19:23:55,904 [Worker-11: Launching mavenrun-80b11d94-4ee7-470f-a29b-dda1f85cb8dd] INFO  o.eclipse.m2e.core.internal.Bundles - 	Entry: C:\Users\bharath\.p2\pool\plugins\slf4j.api_2.0.16.jar
2025-01-26 19:23:55,904 [Worker-11: Launching mavenrun-80b11d94-4ee7-470f-a29b-dda1f85cb8dd] INFO  o.eclipse.m2e.core.internal.Bundles - getClasspathEntries(Bundle=jakarta.inject.jakarta.inject-api_1.0.5 [22])
2025-01-26 19:23:55,905 [Worker-11: Launching mavenrun-80b11d94-4ee7-470f-a29b-dda1f85cb8dd] INFO  o.eclipse.m2e.core.internal.Bundles - 	Entry: C:\Users\bharath\.p2\pool\plugins\jakarta.inject.jakarta.inject-api_1.0.5.jar
2025-01-26 19:23:55,905 [Worker-11: Launching mavenrun-80b11d94-4ee7-470f-a29b-dda1f85cb8dd] INFO  o.eclipse.m2e.core.internal.Bundles - getClasspathEntries(Bundle=jakarta.annotation-api_1.3.5 [20])
2025-01-26 19:23:55,905 [Worker-11: Launching mavenrun-80b11d94-4ee7-470f-a29b-dda1f85cb8dd] INFO  o.eclipse.m2e.core.internal.Bundles - 	Entry: C:\Users\bharath\.p2\pool\plugins\jakarta.annotation-api_1.3.5.jar
2025-01-26 19:23:55,905 [Worker-11: Launching mavenrun-80b11d94-4ee7-470f-a29b-dda1f85cb8dd] INFO  o.eclipse.m2e.core.internal.Bundles - getClasspathEntries(Bundle=org.apache.commons.cli_1.9.0 [47])
2025-01-26 19:23:55,905 [Worker-11: Launching mavenrun-80b11d94-4ee7-470f-a29b-dda1f85cb8dd] INFO  o.eclipse.m2e.core.internal.Bundles - 	Entry: C:\Users\bharath\.p2\pool\plugins\org.apache.commons.cli_1.9.0.jar
2025-01-26 19:23:55,905 [Worker-11: Launching mavenrun-80b11d94-4ee7-470f-a29b-dda1f85cb8dd] INFO  o.eclipse.m2e.core.internal.Bundles - getClasspathEntries(Bundle=org.apache.commons.commons-codec_1.16.0 [50])
2025-01-26 19:23:55,905 [Worker-11: Launching mavenrun-80b11d94-4ee7-470f-a29b-dda1f85cb8dd] INFO  o.eclipse.m2e.core.internal.Bundles - 	Entry: C:\Users\bharath\.p2\pool\plugins\org.apache.commons.commons-codec_1.16.0.jar
2025-01-26 19:23:55,905 [Worker-11: Launching mavenrun-80b11d94-4ee7-470f-a29b-dda1f85cb8dd] INFO  o.eclipse.m2e.core.internal.Bundles - getClasspathEntries(Bundle=com.google.guava.failureaccess_1.0.2 [11])
2025-01-26 19:23:55,906 [Worker-11: Launching mavenrun-80b11d94-4ee7-470f-a29b-dda1f85cb8dd] INFO  o.eclipse.m2e.core.internal.Bundles - 	Entry: C:\Users\bharath\.p2\pool\plugins\com.google.guava.failureaccess_1.0.2.jar
2025-01-26 19:23:55,913 [Worker-11: Launching mavenrun-80b11d94-4ee7-470f-a29b-dda1f85cb8dd] INFO  o.e.m.i.launch.MavenLaunchDelegate - Run build in "C:\Users\bharath\AppData\Local\Temp\m2e-archetypeGenerator14697688190586421740":
2025-01-26 19:23:55,918 [Worker-11: Launching mavenrun-80b11d94-4ee7-470f-a29b-dda1f85cb8dd] INFO  o.e.m.i.launch.MavenLaunchDelegate -  mvn  -DarchetypeGroupId=org.apache.maven.archetypes -DarchetypeArtifactId=maven-archetype-quickstart -DarchetypeVersion=1.1 -DgroupId=InternetHerokuApplication -DartifactId=InternetHerokuapp -Dversion=0.0.1-SNAPSHOT -Dpackage=InternetHerokuApplication.InternetHerokuapp -DoutputDirectory=C:\InternetHerokuapp -Dstyle.color=always -U archetype:generate
2025-01-26 19:24:09,190 [Worker-19: Creating maven-archetype-quickstart] INFO  o.e.m.c.i.p.ProjectConfigurationManager - Collecting project info '/pom.xml' C:\InternetHerokuapp\InternetHerokuapp\pom.xml
2025-01-26 19:24:09,827 [Worker-19: Creating maven-archetype-quickstart] INFO  o.e.m.c.i.l.LifecycleMappingFactory - Using org.eclipse.m2e.jdt.JarLifecycleMapping lifecycle mapping for MavenProject: InternetHerokuApplication:InternetHerokuapp:0.0.1-SNAPSHOT @ C:\InternetHerokuapp\InternetHerokuapp\pom.xml.
2025-01-26 19:24:10,577 [Worker-19: Creating maven-archetype-quickstart] INFO  o.e.m.j.i.AbstractJavaProjectConfigurator - Adding source folder /InternetHerokuapp/src/main/java
2025-01-26 19:24:10,579 [Worker-19: Creating maven-archetype-quickstart] INFO  o.e.m.j.i.AbstractJavaProjectConfigurator - Adding resource folder /InternetHerokuapp/src/main/resources
2025-01-26 19:24:10,593 [Worker-19: Creating maven-archetype-quickstart] INFO  o.e.m.j.i.AbstractJavaProjectConfigurator - Adding source folder /InternetHerokuapp/src/test/java
2025-01-26 19:24:10,594 [Worker-19: Creating maven-archetype-quickstart] INFO  o.e.m.j.i.AbstractJavaProjectConfigurator - Adding resource folder /InternetHerokuapp/src/test/resources
2025-01-26 19:24:10,862 [Worker-19: Creating maven-archetype-quickstart] INFO  o.e.m.c.i.p.ProjectConfigurationManager - Imported and configured 1 project(s) in 1 sec
2025-01-26 19:24:11,745 [Worker-17: Building] INFO  o.a.m.s.f.DefaultMavenResourcesFiltering - skip non existing resourceDirectory C:\InternetHerokuapp\InternetHerokuapp\src\main\resources
2025-01-26 19:24:11,752 [Worker-17: Building] INFO  o.a.m.s.f.DefaultMavenResourcesFiltering - skip non existing resourceDirectory C:\InternetHerokuapp\InternetHerokuapp\src\test\resources
2025-01-26 19:25:21,881 [Worker-19: Building] INFO  o.a.m.s.f.DefaultMavenResourcesFiltering - skip non existing resourceDirectory C:\InternetHerokuapp\InternetHerokuapp\src\main\resources
2025-01-26 19:25:21,885 [Worker-19: Building] INFO  o.a.m.s.f.DefaultMavenResourcesFiltering - skip non existing resourceDirectory C:\InternetHerokuapp\InternetHerokuapp\src\test\resources
2025-01-26 19:25:26,335 [Worker-16: Building] INFO  o.a.m.s.f.DefaultMavenResourcesFiltering - skip non existing resourceDirectory C:\InternetHerokuapp\InternetHerokuapp\src\main\resources
2025-01-26 19:25:26,338 [Worker-16: Building] INFO  o.a.m.s.f.DefaultMavenResourcesFiltering - skip non existing resourceDirectory C:\InternetHerokuapp\InternetHerokuapp\src\test\resources
2025-01-26 19:26:40,946 [Worker-11: Building] INFO  o.a.m.s.f.DefaultMavenResourcesFiltering - skip non existing resourceDirectory C:\InternetHerokuapp\InternetHerokuapp\src\main\resources
2025-01-26 19:26:40,948 [Worker-11: Building] INFO  o.a.m.s.f.DefaultMavenResourcesFiltering - skip non existing resourceDirectory C:\InternetHerokuapp\InternetHerokuapp\src\test\resources
2025-01-26 19:27:02,167 [Worker-16: Building] INFO  o.a.m.s.f.DefaultMavenResourcesFiltering - skip non existing resourceDirectory C:\InternetHerokuapp\InternetHerokuapp\src\main\resources
2025-01-26 19:27:02,170 [Worker-16: Building] INFO  o.a.m.s.f.DefaultMavenResourcesFiltering - skip non existing resourceDirectory C:\InternetHerokuapp\InternetHerokuapp\src\test\resources
2025-01-26 19:27:20,309 [Worker-23: Building] INFO  o.a.m.s.f.DefaultMavenResourcesFiltering - skip non existing resourceDirectory C:\InternetHerokuapp\InternetHerokuapp\src\main\resources
2025-01-26 19:27:20,311 [Worker-23: Building] INFO  o.a.m.s.f.DefaultMavenResourcesFiltering - skip non existing resourceDirectory C:\InternetHerokuapp\InternetHerokuapp\src\test\resources
2025-01-26 19:28:17,498 [Worker-23: Building] INFO  o.a.m.s.f.DefaultMavenResourcesFiltering - skip non existing resourceDirectory C:\InternetHerokuapp\InternetHerokuapp\src\main\resources
2025-01-26 19:28:17,501 [Worker-23: Building] INFO  o.a.m.s.f.DefaultMavenResourcesFiltering - skip non existing resourceDirectory C:\InternetHerokuapp\InternetHerokuapp\src\test\resources
2025-01-26 19:28:34,741 [Worker-16: Building] INFO  o.a.m.s.f.DefaultMavenResourcesFiltering - skip non existing resourceDirectory C:\InternetHerokuapp\InternetHerokuapp\src\main\resources
2025-01-26 19:28:34,745 [Worker-16: Building] INFO  o.a.m.s.f.DefaultMavenResourcesFiltering - skip non existing resourceDirectory C:\InternetHerokuapp\InternetHerokuapp\src\test\resources
2025-01-26 19:28:58,469 [Worker-21: Building] INFO  o.a.m.s.f.DefaultMavenResourcesFiltering - skip non existing resourceDirectory C:\InternetHerokuapp\InternetHerokuapp\src\main\resources
2025-01-26 19:28:58,472 [Worker-21: Building] INFO  o.a.m.s.f.DefaultMavenResourcesFiltering - skip non existing resourceDirectory C:\InternetHerokuapp\InternetHerokuapp\src\test\resources
2025-01-26 19:29:28,011 [Worker-11: Building] INFO  o.a.m.s.f.DefaultMavenResourcesFiltering - skip non existing resourceDirectory C:\InternetHerokuapp\InternetHerokuapp\src\main\resources
2025-01-26 19:29:28,013 [Worker-11: Building] INFO  o.a.m.s.f.DefaultMavenResourcesFiltering - skip non existing resourceDirectory C:\InternetHerokuapp\InternetHerokuapp\src\test\resources
2025-01-26 19:30:13,843 [Worker-16: Building] INFO  o.a.m.s.f.DefaultMavenResourcesFiltering - skip non existing resourceDirectory C:\InternetHerokuapp\InternetHerokuapp\src\main\resources
2025-01-26 19:30:13,845 [Worker-16: Building] INFO  o.a.m.s.f.DefaultMavenResourcesFiltering - skip non existing resourceDirectory C:\InternetHerokuapp\InternetHerokuapp\src\test\resources
2025-01-26 19:30:26,364 [Worker-22: Building] INFO  o.a.m.s.f.DefaultMavenResourcesFiltering - skip non existing resourceDirectory C:\InternetHerokuapp\InternetHerokuapp\src\main\resources
2025-01-26 19:30:26,368 [Worker-22: Building] INFO  o.a.m.s.f.DefaultMavenResourcesFiltering - skip non existing resourceDirectory C:\InternetHerokuapp\InternetHerokuapp\src\test\resources
2025-01-26 19:30:57,414 [Worker-11: Building] INFO  o.a.m.s.f.DefaultMavenResourcesFiltering - skip non existing resourceDirectory C:\InternetHerokuapp\InternetHerokuapp\src\main\resources
2025-01-26 19:30:57,417 [Worker-11: Building] INFO  o.a.m.s.f.DefaultMavenResourcesFiltering - skip non existing resourceDirectory C:\InternetHerokuapp\InternetHerokuapp\src\test\resources
2025-01-26 19:31:30,926 [Worker-21: Building] INFO  o.a.m.s.f.DefaultMavenResourcesFiltering - skip non existing resourceDirectory C:\InternetHerokuapp\InternetHerokuapp\src\main\resources
2025-01-26 19:31:30,929 [Worker-21: Building] INFO  o.a.m.s.f.DefaultMavenResourcesFiltering - skip non existing resourceDirectory C:\InternetHerokuapp\InternetHerokuapp\src\test\resources
2025-01-26 19:31:47,182 [Worker-17: Building] INFO  o.a.m.s.f.DefaultMavenResourcesFiltering - skip non existing resourceDirectory C:\InternetHerokuapp\InternetHerokuapp\src\main\resources
2025-01-26 19:31:47,185 [Worker-17: Building] INFO  o.a.m.s.f.DefaultMavenResourcesFiltering - skip non existing resourceDirectory C:\InternetHerokuapp\InternetHerokuapp\src\test\resources
2025-01-26 19:32:06,921 [Worker-17: Building] INFO  o.a.m.s.f.DefaultMavenResourcesFiltering - skip non existing resourceDirectory C:\InternetHerokuapp\InternetHerokuapp\src\main\resources
2025-01-26 19:32:06,923 [Worker-17: Building] INFO  o.a.m.s.f.DefaultMavenResourcesFiltering - skip non existing resourceDirectory C:\InternetHerokuapp\InternetHerokuapp\src\test\resources
2025-01-26 19:32:25,198 [Worker-16: Building] INFO  o.a.m.s.f.DefaultMavenResourcesFiltering - skip non existing resourceDirectory C:\InternetHerokuapp\InternetHerokuapp\src\main\resources
2025-01-26 19:32:25,200 [Worker-16: Building] INFO  o.a.m.s.f.DefaultMavenResourcesFiltering - skip non existing resourceDirectory C:\InternetHerokuapp\InternetHerokuapp\src\test\resources
2025-01-26 19:32:46,796 [Worker-23: Building] INFO  o.a.m.s.f.DefaultMavenResourcesFiltering - skip non existing resourceDirectory C:\InternetHerokuapp\InternetHerokuapp\src\main\resources
2025-01-26 19:32:46,798 [Worker-23: Building] INFO  o.a.m.s.f.DefaultMavenResourcesFiltering - skip non existing resourceDirectory C:\InternetHerokuapp\InternetHerokuapp\src\test\resources
2025-01-26 19:33:09,612 [Worker-19: Building] INFO  o.a.m.s.f.DefaultMavenResourcesFiltering - skip non existing resourceDirectory C:\InternetHerokuapp\InternetHerokuapp\src\main\resources
2025-01-26 19:33:09,614 [Worker-19: Building] INFO  o.a.m.s.f.DefaultMavenResourcesFiltering - skip non existing resourceDirectory C:\InternetHerokuapp\InternetHerokuapp\src\test\resources
2025-01-26 20:25:36,972 [Worker-28: Building] INFO  o.e.m.c.i.l.LifecycleMappingFactory - Using org.eclipse.m2e.jdt.JarLifecycleMapping lifecycle mapping for MavenProject: InternetHerokuApplication:InternetHerokuapp:0.0.1-SNAPSHOT @ C:\InternetHerokuapp\InternetHerokuapp\pom.xml.
2025-01-26 20:25:38,909 [Worker-28: Building] INFO  o.a.m.s.f.DefaultMavenResourcesFiltering - skip non existing resourceDirectory C:\InternetHerokuapp\InternetHerokuapp\src\main\resources
2025-01-26 20:25:38,914 [Worker-28: Building] INFO  o.a.m.s.f.DefaultMavenResourcesFiltering - skip non existing resourceDirectory C:\InternetHerokuapp\InternetHerokuapp\src\test\resources
2025-01-26 20:25:39,708 [Worker-23: Download sources and javadoc] INFO  o.e.m.c.i.e.AbstractTransferListenerAdapter - Downloaded https://repo.maven.apache.org/maven2/commons-io/commons-io/2.17.0/commons-io-2.17.0-sources.jar
2025-01-26 20:25:39,722 [Worker-23: Download sources and javadoc] ERROR o.e.m.j.internal.DownloadSourcesJob - Could not download sources for commons-io:commons-io:2.17.0
org.eclipse.core.runtime.CoreException: Could not resolve artifact commons-io:commons-io:jar:sources:2.17.0
	at org.eclipse.m2e.core.internal.embedder.MavenImpl.lambda$7(MavenImpl.java:540)
	at org.eclipse.m2e.core.internal.embedder.MavenExecutionContext.executeBare(MavenExecutionContext.java:458)
	at org.eclipse.m2e.core.internal.embedder.MavenExecutionContext.execute(MavenExecutionContext.java:292)
	at org.eclipse.m2e.core.internal.embedder.MavenExecutionContext.execute(MavenExecutionContext.java:278)
	at org.eclipse.m2e.core.internal.embedder.MavenImpl.resolve(MavenImpl.java:509)
	at org.eclipse.m2e.core.internal.embedder.MavenImpl.resolve(MavenImpl.java:494)
	at org.eclipse.m2e.jdt.internal.DownloadSourcesJob.download(DownloadSourcesJob.java:308)
	at org.eclipse.m2e.jdt.internal.DownloadSourcesJob.downloadAttachments(DownloadSourcesJob.java:282)
	at org.eclipse.m2e.jdt.internal.DownloadSourcesJob.downloadMaven(DownloadSourcesJob.java:252)
	at org.eclipse.m2e.jdt.internal.DownloadSourcesJob.downloadFilesAndPopulateToUpdate(DownloadSourcesJob.java:220)
	at org.eclipse.m2e.jdt.internal.DownloadSourcesJob.lambda$0(DownloadSourcesJob.java:149)
	at org.eclipse.m2e.core.internal.embedder.MavenExecutionContext.executeBare(MavenExecutionContext.java:458)
	at org.eclipse.m2e.core.internal.embedder.MavenExecutionContext.execute(MavenExecutionContext.java:339)
	at org.eclipse.m2e.core.internal.embedder.MavenExecutionContext.execute(MavenExecutionContext.java:278)
	at org.eclipse.m2e.core.embedder.IMaven.execute(IMaven.java:300)
	at org.eclipse.m2e.jdt.internal.DownloadSourcesJob.run(DownloadSourcesJob.java:149)
	at org.eclipse.core.internal.jobs.Worker.run(Worker.java:63)
2025-01-26 20:25:41,319 [Worker-28: Building] INFO  o.a.m.s.f.DefaultMavenResourcesFiltering - skip non existing resourceDirectory C:\InternetHerokuapp\InternetHerokuapp\src\main\resources
2025-01-26 20:25:41,323 [Worker-28: Building] INFO  o.a.m.s.f.DefaultMavenResourcesFiltering - skip non existing resourceDirectory C:\InternetHerokuapp\InternetHerokuapp\src\test\resources
2025-01-26 20:26:47,491 [Worker-28: Building] INFO  o.a.m.s.f.DefaultMavenResourcesFiltering - skip non existing resourceDirectory C:\InternetHerokuapp\InternetHerokuapp\src\main\resources
2025-01-26 20:26:47,495 [Worker-28: Building] INFO  o.a.m.s.f.DefaultMavenResourcesFiltering - skip non existing resourceDirectory C:\InternetHerokuapp\InternetHerokuapp\src\test\resources
2025-01-26 20:28:25,318 [Worker-23: Building] INFO  o.a.m.s.f.DefaultMavenResourcesFiltering - skip non existing resourceDirectory C:\InternetHerokuapp\InternetHerokuapp\src\main\resources
2025-01-26 20:28:25,321 [Worker-23: Building] INFO  o.a.m.s.f.DefaultMavenResourcesFiltering - skip non existing resourceDirectory C:\InternetHerokuapp\InternetHerokuapp\src\test\resources
2025-01-26 20:28:56,390 [Worker-28: Building] INFO  o.a.m.s.f.DefaultMavenResourcesFiltering - skip non existing resourceDirectory C:\InternetHerokuapp\InternetHerokuapp\src\main\resources
2025-01-26 20:28:56,392 [Worker-28: Building] INFO  o.a.m.s.f.DefaultMavenResourcesFiltering - skip non existing resourceDirectory C:\InternetHerokuapp\InternetHerokuapp\src\test\resources
2025-01-26 20:30:19,780 [Worker-23: Building] INFO  o.a.m.s.f.DefaultMavenResourcesFiltering - skip non existing resourceDirectory C:\InternetHerokuapp\InternetHerokuapp\src\main\resources
2025-01-26 20:30:19,787 [Worker-23: Building] INFO  o.a.m.s.f.DefaultMavenResourcesFiltering - skip non existing resourceDirectory C:\InternetHerokuapp\InternetHerokuapp\src\test\resources
2025-01-26 20:33:39,951 [Worker-16: Building] INFO  o.a.m.s.f.DefaultMavenResourcesFiltering - skip non existing resourceDirectory C:\InternetHerokuapp\InternetHerokuapp\src\main\resources
2025-01-26 20:33:39,959 [Worker-16: Building] INFO  o.a.m.s.f.DefaultMavenResourcesFiltering - skip non existing resourceDirectory C:\InternetHerokuapp\InternetHerokuapp\src\test\resources
2025-01-26 20:34:15,566 [Worker-16: Building] INFO  o.a.m.s.f.DefaultMavenResourcesFiltering - skip non existing resourceDirectory C:\InternetHerokuapp\InternetHerokuapp\src\main\resources
2025-01-26 20:34:15,570 [Worker-16: Building] INFO  o.a.m.s.f.DefaultMavenResourcesFiltering - skip non existing resourceDirectory C:\InternetHerokuapp\InternetHerokuapp\src\test\resources
2025-01-26 20:38:23,196 [Worker-16: Building] INFO  o.a.m.s.f.DefaultMavenResourcesFiltering - skip non existing resourceDirectory C:\InternetHerokuapp\InternetHerokuapp\src\main\resources
2025-01-26 20:38:23,200 [Worker-16: Building] INFO  o.a.m.s.f.DefaultMavenResourcesFiltering - skip non existing resourceDirectory C:\InternetHerokuapp\InternetHerokuapp\src\test\resources
2025-01-26 20:43:20,756 [Worker-30: Building] INFO  o.a.m.s.f.DefaultMavenResourcesFiltering - skip non existing resourceDirectory C:\InternetHerokuapp\InternetHerokuapp\src\main\resources
2025-01-26 20:43:20,976 [Worker-30: Building] INFO  o.a.m.s.f.DefaultMavenResourcesFiltering - skip non existing resourceDirectory C:\InternetHerokuapp\InternetHerokuapp\src\test\resources
2025-01-26 20:53:08,367 [Worker-31: Building] INFO  o.a.m.s.f.DefaultMavenResourcesFiltering - skip non existing resourceDirectory C:\InternetHerokuapp\InternetHerokuapp\src\main\resources
2025-01-26 20:53:08,379 [Worker-31: Building] INFO  o.a.m.s.f.DefaultMavenResourcesFiltering - skip non existing resourceDirectory C:\InternetHerokuapp\InternetHerokuapp\src\test\resources
2025-01-26 20:55:14,888 [Worker-19: Building] INFO  o.a.m.s.f.DefaultMavenResourcesFiltering - skip non existing resourceDirectory C:\InternetHerokuapp\InternetHerokuapp\src\main\resources
2025-01-26 20:55:14,895 [Worker-19: Building] INFO  o.a.m.s.f.DefaultMavenResourcesFiltering - skip non existing resourceDirectory C:\InternetHerokuapp\InternetHerokuapp\src\test\resources
2025-01-26 21:01:05,058 [Worker-30: Building] INFO  o.a.m.s.f.DefaultMavenResourcesFiltering - skip non existing resourceDirectory C:\InternetHerokuapp\InternetHerokuapp\src\main\resources
2025-01-26 21:01:05,067 [Worker-30: Building] INFO  o.a.m.s.f.DefaultMavenResourcesFiltering - skip non existing resourceDirectory C:\InternetHerokuapp\InternetHerokuapp\src\test\resources
2025-01-26 21:01:07,725 [Worker-16: Building] INFO  o.a.m.s.f.DefaultMavenResourcesFiltering - skip non existing resourceDirectory C:\InternetHerokuapp\InternetHerokuapp\src\main\resources
2025-01-26 21:01:07,737 [Worker-16: Building] INFO  o.a.m.s.f.DefaultMavenResourcesFiltering - skip non existing resourceDirectory C:\InternetHerokuapp\InternetHerokuapp\src\test\resources
2025-01-26 21:01:29,639 [Worker-31: Building] INFO  o.a.m.s.f.DefaultMavenResourcesFiltering - skip non existing resourceDirectory C:\InternetHerokuapp\InternetHerokuapp\src\main\resources
2025-01-26 21:01:29,643 [Worker-31: Building] INFO  o.a.m.s.f.DefaultMavenResourcesFiltering - skip non existing resourceDirectory C:\InternetHerokuapp\InternetHerokuapp\src\test\resources
2025-01-26 21:02:26,884 [Worker-23: Building] INFO  o.a.m.s.f.DefaultMavenResourcesFiltering - skip non existing resourceDirectory C:\InternetHerokuapp\InternetHerokuapp\src\main\resources
2025-01-26 21:02:26,887 [Worker-23: Building] INFO  o.a.m.s.f.DefaultMavenResourcesFiltering - skip non existing resourceDirectory C:\InternetHerokuapp\InternetHerokuapp\src\test\resources
2025-01-26 21:02:40,328 [Worker-30: Building] INFO  o.a.m.s.f.DefaultMavenResourcesFiltering - skip non existing resourceDirectory C:\InternetHerokuapp\InternetHerokuapp\src\main\resources
2025-01-26 21:02:40,330 [Worker-30: Building] INFO  o.a.m.s.f.DefaultMavenResourcesFiltering - skip non existing resourceDirectory C:\InternetHerokuapp\InternetHerokuapp\src\test\resources
2025-01-26 21:15:48,640 [Worker-33: Building] INFO  o.a.m.s.f.DefaultMavenResourcesFiltering - skip non existing resourceDirectory C:\InternetHerokuapp\InternetHerokuapp\src\main\resources
2025-01-26 21:15:48,647 [Worker-33: Building] INFO  o.a.m.s.f.DefaultMavenResourcesFiltering - skip non existing resourceDirectory C:\InternetHerokuapp\InternetHerokuapp\src\test\resources
2025-01-26 21:18:31,404 [Worker-30: Building] INFO  o.a.m.s.f.DefaultMavenResourcesFiltering - skip non existing resourceDirectory C:\InternetHerokuapp\InternetHerokuapp\src\main\resources
2025-01-26 21:18:31,406 [Worker-30: Building] INFO  o.a.m.s.f.DefaultMavenResourcesFiltering - skip non existing resourceDirectory C:\InternetHerokuapp\InternetHerokuapp\src\test\resources
2025-01-26 21:19:51,912 [Worker-31: Building] INFO  o.a.m.s.f.DefaultMavenResourcesFiltering - skip non existing resourceDirectory C:\InternetHerokuapp\InternetHerokuapp\src\main\resources
2025-01-26 21:19:51,915 [Worker-31: Building] INFO  o.a.m.s.f.DefaultMavenResourcesFiltering - skip non existing resourceDirectory C:\InternetHerokuapp\InternetHerokuapp\src\test\resources
2025-01-26 21:19:57,403 [Worker-32: Building] INFO  o.a.m.s.f.DefaultMavenResourcesFiltering - skip non existing resourceDirectory C:\InternetHerokuapp\InternetHerokuapp\src\main\resources
2025-01-26 21:19:57,405 [Worker-32: Building] INFO  o.a.m.s.f.DefaultMavenResourcesFiltering - skip non existing resourceDirectory C:\InternetHerokuapp\InternetHerokuapp\src\test\resources
2025-01-26 21:20:09,053 [Worker-32: Building] INFO  o.a.m.s.f.DefaultMavenResourcesFiltering - skip non existing resourceDirectory C:\InternetHerokuapp\InternetHerokuapp\src\main\resources
2025-01-26 21:20:09,056 [Worker-32: Building] INFO  o.a.m.s.f.DefaultMavenResourcesFiltering - skip non existing resourceDirectory C:\InternetHerokuapp\InternetHerokuapp\src\test\resources
2025-01-26 21:20:16,000 [Worker-16: Building] INFO  o.a.m.s.f.DefaultMavenResourcesFiltering - skip non existing resourceDirectory C:\InternetHerokuapp\InternetHerokuapp\src\main\resources
2025-01-26 21:20:16,002 [Worker-16: Building] INFO  o.a.m.s.f.DefaultMavenResourcesFiltering - skip non existing resourceDirectory C:\InternetHerokuapp\InternetHerokuapp\src\test\resources
2025-01-26 21:21:11,801 [Worker-33: Building] INFO  o.a.m.s.f.DefaultMavenResourcesFiltering - skip non existing resourceDirectory C:\InternetHerokuapp\InternetHerokuapp\src\main\resources
2025-01-26 21:21:11,803 [Worker-33: Building] INFO  o.a.m.s.f.DefaultMavenResourcesFiltering - skip non existing resourceDirectory C:\InternetHerokuapp\InternetHerokuapp\src\test\resources
2025-01-26 21:36:46,730 [Worker-31: Building] INFO  o.a.m.s.f.DefaultMavenResourcesFiltering - skip non existing resourceDirectory C:\InternetHerokuapp\InternetHerokuapp\src\main\resources
2025-01-26 21:36:46,740 [Worker-31: Building] INFO  o.a.m.s.f.DefaultMavenResourcesFiltering - skip non existing resourceDirectory C:\InternetHerokuapp\InternetHerokuapp\src\test\resources
2025-01-26 21:37:26,360 [Worker-31: Building] INFO  o.a.m.s.f.DefaultMavenResourcesFiltering - skip non existing resourceDirectory C:\InternetHerokuapp\InternetHerokuapp\src\main\resources
2025-01-26 21:37:26,367 [Worker-31: Building] INFO  o.a.m.s.f.DefaultMavenResourcesFiltering - skip non existing resourceDirectory C:\InternetHerokuapp\InternetHerokuapp\src\test\resources
2025-01-26 21:42:38,592 [Worker-5: Loading available Gradle versions] INFO  o.e.b.c.i.u.g.PublishedGradleVersions - Gradle version information cache is up-to-date. Trying to read.
2025-01-26 21:43:09,286 [Worker-17: Building] INFO  o.a.m.s.f.DefaultMavenResourcesFiltering - skip non existing resourceDirectory C:\InternetHerokuapp\InternetHerokuapp\src\main\resources
2025-01-26 21:43:09,292 [Worker-17: Building] INFO  o.a.m.s.f.DefaultMavenResourcesFiltering - skip non existing resourceDirectory C:\InternetHerokuapp\InternetHerokuapp\src\test\resources
2025-01-26 21:43:10,066 [main] INFO  o.e.m.jdt.internal.UnitTestSupport - Updating IH_AB_Testing_Test.ABTesting_Test from maven configuration
2025-01-26 21:44:03,077 [Worker-16: Building] INFO  o.a.m.s.f.DefaultMavenResourcesFiltering - skip non existing resourceDirectory C:\InternetHerokuapp\InternetHerokuapp\src\main\resources
2025-01-26 21:44:03,079 [Worker-16: Building] INFO  o.a.m.s.f.DefaultMavenResourcesFiltering - skip non existing resourceDirectory C:\InternetHerokuapp\InternetHerokuapp\src\test\resources
2025-01-26 21:55:22,416 [Worker-23: Building] INFO  o.a.m.s.f.DefaultMavenResourcesFiltering - skip non existing resourceDirectory C:\InternetHerokuapp\InternetHerokuapp\src\main\resources
2025-01-26 21:55:22,444 [Worker-23: Building] INFO  o.a.m.s.f.DefaultMavenResourcesFiltering - skip non existing resourceDirectory C:\InternetHerokuapp\InternetHerokuapp\src\test\resources
2025-01-26 22:02:44,754 [Worker-5: Loading available Gradle versions] INFO  o.e.b.c.i.u.g.PublishedGradleVersions - Gradle version information cache is up-to-date. Trying to read.
2025-01-26 22:02:48,057 [Worker-9: Building] INFO  o.e.m.c.i.l.LifecycleMappingFactory - Using org.eclipse.m2e.jdt.JarLifecycleMapping lifecycle mapping for MavenProject: InternetHerokuApplication:InternetHerokuapp:0.0.1-SNAPSHOT @ C:\InternetHerokuapp\InternetHerokuapp\pom.xml.
2025-01-26 22:02:49,632 [Worker-9: Building] INFO  o.a.m.s.f.DefaultMavenResourcesFiltering - skip non existing resourceDirectory C:\InternetHerokuapp\InternetHerokuapp\src\main\resources
2025-01-26 22:02:49,636 [Worker-9: Building] INFO  o.a.m.s.f.DefaultMavenResourcesFiltering - skip non existing resourceDirectory C:\InternetHerokuapp\InternetHerokuapp\src\test\resources
2025-01-26 22:02:51,491 [Worker-10: Download sources and javadoc] INFO  o.e.m.c.i.e.AbstractTransferListenerAdapter - Downloading https://repo.maven.apache.org/maven2/commons-io/commons-io/2.17.0/commons-io-2.17.0-javadoc.jar
2025-01-26 22:02:52,646 [Worker-10: Download sources and javadoc] INFO  o.e.m.c.i.e.AbstractTransferListenerAdapter - Downloaded https://repo.maven.apache.org/maven2/commons-io/commons-io/2.17.0/commons-io-2.17.0-javadoc.jar
2025-01-26 22:02:52,654 [Worker-10: Download sources and javadoc] INFO  o.e.m.j.internal.DownloadSourcesJob - Downloaded javadoc for commons-io:commons-io:2.17.0
2025-01-26 22:03:54,802 [main] INFO  o.e.m.jdt.internal.UnitTestSupport - Updating IH_AB_Testing_Test from maven configuration
2025-01-26 22:07:58,940 [Worker-15: Building] INFO  o.a.m.s.f.DefaultMavenResourcesFiltering - skip non existing resourceDirectory C:\InternetHerokuapp\InternetHerokuapp\src\main\resources
2025-01-26 22:07:58,945 [Worker-15: Building] INFO  o.a.m.s.f.DefaultMavenResourcesFiltering - skip non existing resourceDirectory C:\InternetHerokuapp\InternetHerokuapp\src\test\resources
2025-01-26 22:09:43,409 [Worker-21: Building] INFO  o.a.m.s.f.DefaultMavenResourcesFiltering - skip non existing resourceDirectory C:\InternetHerokuapp\InternetHerokuapp\src\main\resources
2025-01-26 22:09:43,412 [Worker-21: Building] INFO  o.a.m.s.f.DefaultMavenResourcesFiltering - skip non existing resourceDirectory C:\InternetHerokuapp\InternetHerokuapp\src\test\resources
2025-01-26 22:11:39,289 [Worker-6: Building] INFO  o.a.m.s.f.DefaultMavenResourcesFiltering - skip non existing resourceDirectory C:\InternetHerokuapp\InternetHerokuapp\src\main\resources
2025-01-26 22:11:39,292 [Worker-6: Building] INFO  o.a.m.s.f.DefaultMavenResourcesFiltering - skip non existing resourceDirectory C:\InternetHerokuapp\InternetHerokuapp\src\test\resources
2025-01-26 22:11:50,152 [Worker-11: Launching IH_AB_Testing_Test] INFO  o.a.m.s.f.DefaultMavenResourcesFiltering - skip non existing resourceDirectory C:\InternetHerokuapp\InternetHerokuapp\src\main\resources
2025-01-26 22:11:50,156 [Worker-11: Launching IH_AB_Testing_Test] INFO  o.a.m.s.f.DefaultMavenResourcesFiltering - skip non existing resourceDirectory C:\InternetHerokuapp\InternetHerokuapp\src\test\resources
2025-01-27 21:20:36,166 [Worker-6: Loading available Gradle versions] INFO  o.e.b.c.i.u.g.PublishedGradleVersions - Gradle version information cache is out-of-date. Trying to update.
2025-01-27 21:20:38,302 [Worker-11: Building] INFO  o.e.m.c.i.e.AbstractTransferListenerAdapter - Downloading https://repo.maven.apache.org/maven2/com/aventstack/extentreports/5.1.1/extentreports-5.1.1.pom
2025-01-27 21:20:38,329 [Worker-11: Building] INFO  o.e.m.c.i.e.AbstractTransferListenerAdapter - Downloaded https://repo.maven.apache.org/maven2/com/aventstack/extentreports/5.1.1/extentreports-5.1.1.pom
2025-01-27 21:20:39,754 [Worker-11: Building] INFO  o.e.m.c.i.e.AbstractTransferListenerAdapter - Downloading https://repo.maven.apache.org/maven2/com/aventstack/extentreports/5.1.1/extentreports-5.1.1.jar
2025-01-27 21:20:40,388 [Worker-11: Building] INFO  o.e.m.c.i.e.AbstractTransferListenerAdapter - Downloaded https://repo.maven.apache.org/maven2/com/aventstack/extentreports/5.1.1/extentreports-5.1.1.jar
2025-01-27 21:20:41,245 [Worker-11: Building] INFO  o.e.m.c.i.l.LifecycleMappingFactory - Using org.eclipse.m2e.jdt.JarLifecycleMapping lifecycle mapping for MavenProject: InternetHerokuApplication:InternetHerokuapp:0.0.1-SNAPSHOT @ C:\InternetHerokuapp\InternetHerokuapp\pom.xml.
2025-01-27 21:20:42,866 [Worker-11: Building] INFO  o.a.m.s.f.DefaultMavenResourcesFiltering - skip non existing resourceDirectory C:\InternetHerokuapp\InternetHerokuapp\src\main\resources
2025-01-27 21:20:42,872 [Worker-11: Building] INFO  o.a.m.s.f.DefaultMavenResourcesFiltering - skip non existing resourceDirectory C:\InternetHerokuapp\InternetHerokuapp\src\test\resources
2025-01-27 21:20:43,717 [Worker-12: Download sources and javadoc] INFO  o.e.m.c.i.e.AbstractTransferListenerAdapter - Downloading https://repo.maven.apache.org/maven2/com/aventstack/extentreports/5.1.1/extentreports-5.1.1-sources.jar
2025-01-27 21:20:44,142 [Worker-12: Download sources and javadoc] INFO  o.e.m.c.i.e.AbstractTransferListenerAdapter - Downloaded https://repo.maven.apache.org/maven2/com/aventstack/extentreports/5.1.1/extentreports-5.1.1-sources.jar
2025-01-27 21:20:44,149 [Worker-12: Download sources and javadoc] INFO  o.e.m.j.internal.DownloadSourcesJob - Downloaded sources for com.aventstack:extentreports:5.1.1
2025-01-27 21:20:44,297 [Worker-12: Download sources and javadoc] INFO  o.e.m.c.i.e.AbstractTransferListenerAdapter - Downloading https://repo.maven.apache.org/maven2/org/apache/logging/log4j/log4j-core/2.24.3/log4j-core-2.24.3-sources.jar
2025-01-27 21:20:44,944 [Worker-5: Building] INFO  o.a.m.s.f.DefaultMavenResourcesFiltering - skip non existing resourceDirectory C:\InternetHerokuapp\InternetHerokuapp\src\main\resources
2025-01-27 21:20:44,948 [Worker-5: Building] INFO  o.a.m.s.f.DefaultMavenResourcesFiltering - skip non existing resourceDirectory C:\InternetHerokuapp\InternetHerokuapp\src\test\resources
2025-01-27 21:20:45,493 [Worker-12: Download sources and javadoc] INFO  o.e.m.c.i.e.AbstractTransferListenerAdapter - Downloaded https://repo.maven.apache.org/maven2/org/apache/logging/log4j/log4j-core/2.24.3/log4j-core-2.24.3-sources.jar
2025-01-27 21:20:45,501 [Worker-12: Download sources and javadoc] INFO  o.e.m.j.internal.DownloadSourcesJob - Downloaded sources for org.apache.logging.log4j:log4j-core:2.24.3
2025-01-27 21:20:45,772 [Worker-12: Download sources and javadoc] INFO  o.e.m.c.i.e.AbstractTransferListenerAdapter - Downloading https://repo.maven.apache.org/maven2/org/apache/logging/log4j/log4j-api/2.24.3/log4j-api-2.24.3-sources.jar
2025-01-27 21:20:46,291 [Worker-12: Download sources and javadoc] INFO  o.e.m.c.i.e.AbstractTransferListenerAdapter - Downloaded https://repo.maven.apache.org/maven2/org/apache/logging/log4j/log4j-api/2.24.3/log4j-api-2.24.3-sources.jar
2025-01-27 21:20:46,295 [Worker-12: Download sources and javadoc] INFO  o.e.m.j.internal.DownloadSourcesJob - Downloaded sources for org.apache.logging.log4j:log4j-api:2.24.3
2025-01-27 21:37:40,252 [Worker-2: Loading available Gradle versions] INFO  o.e.b.c.i.u.g.PublishedGradleVersions - Gradle version information cache is up-to-date. Trying to read.
2025-01-27 21:37:44,081 [Worker-1: Building] INFO  o.a.m.s.f.DefaultMavenResourcesFiltering - skip non existing resourceDirectory C:\InternetHerokuapp\InternetHerokuapp\src\main\resources
2025-01-27 21:37:44,097 [Worker-1: Building] INFO  o.a.m.s.f.DefaultMavenResourcesFiltering - skip non existing resourceDirectory C:\InternetHerokuapp\InternetHerokuapp\src\test\resources
2025-01-27 21:39:40,969 [Worker-1: Building] INFO  o.a.m.s.f.DefaultMavenResourcesFiltering - skip non existing resourceDirectory C:\InternetHerokuapp\InternetHerokuapp\src\main\resources
2025-01-27 21:39:40,973 [Worker-1: Building] INFO  o.a.m.s.f.DefaultMavenResourcesFiltering - skip non existing resourceDirectory C:\InternetHerokuapp\InternetHerokuapp\src\test\resources
2025-01-27 21:39:49,394 [Worker-8: Building] INFO  o.a.m.s.f.DefaultMavenResourcesFiltering - skip non existing resourceDirectory C:\InternetHerokuapp\InternetHerokuapp\src\main\resources
2025-01-27 21:39:49,396 [Worker-8: Building] INFO  o.a.m.s.f.DefaultMavenResourcesFiltering - skip non existing resourceDirectory C:\InternetHerokuapp\InternetHerokuapp\src\test\resources
2025-01-27 21:39:55,967 [main] INFO  o.e.m.jdt.internal.UnitTestSupport - Updating InternetHerokuapp_testng.xml from maven configuration
2025-01-27 21:40:31,858 [Worker-14: Building] INFO  o.a.m.s.f.DefaultMavenResourcesFiltering - skip non existing resourceDirectory C:\InternetHerokuapp\InternetHerokuapp\src\main\resources
2025-01-27 21:40:31,861 [Worker-14: Building] INFO  o.a.m.s.f.DefaultMavenResourcesFiltering - skip non existing resourceDirectory C:\InternetHerokuapp\InternetHerokuapp\src\test\resources
2025-01-27 21:46:00,166 [Worker-4: Building] INFO  o.a.m.s.f.DefaultMavenResourcesFiltering - skip non existing resourceDirectory C:\InternetHerokuapp\InternetHerokuapp\src\main\resources
2025-01-27 21:46:00,170 [Worker-4: Building] INFO  o.a.m.s.f.DefaultMavenResourcesFiltering - skip non existing resourceDirectory C:\InternetHerokuapp\InternetHerokuapp\src\test\resources
2025-01-27 21:46:02,271 [Worker-21: Building] INFO  o.a.m.s.f.DefaultMavenResourcesFiltering - skip non existing resourceDirectory C:\InternetHerokuapp\InternetHerokuapp\src\main\resources
2025-01-27 21:46:02,275 [Worker-21: Building] INFO  o.a.m.s.f.DefaultMavenResourcesFiltering - skip non existing resourceDirectory C:\InternetHerokuapp\InternetHerokuapp\src\test\resources
2025-01-27 21:46:29,240 [Worker-4: Building] INFO  o.a.m.s.f.DefaultMavenResourcesFiltering - skip non existing resourceDirectory C:\InternetHerokuapp\InternetHerokuapp\src\main\resources
2025-01-27 21:46:29,244 [Worker-4: Building] INFO  o.a.m.s.f.DefaultMavenResourcesFiltering - skip non existing resourceDirectory C:\InternetHerokuapp\InternetHerokuapp\src\test\resources
2025-01-27 21:49:13,740 [Worker-15: Building] INFO  o.a.m.s.f.DefaultMavenResourcesFiltering - skip non existing resourceDirectory C:\InternetHerokuapp\InternetHerokuapp\src\main\resources
2025-01-27 21:49:13,743 [Worker-15: Building] INFO  o.a.m.s.f.DefaultMavenResourcesFiltering - skip non existing resourceDirectory C:\InternetHerokuapp\InternetHerokuapp\src\test\resources
2025-01-27 21:49:47,857 [Worker-21: Building] INFO  o.a.m.s.f.DefaultMavenResourcesFiltering - skip non existing resourceDirectory C:\InternetHerokuapp\InternetHerokuapp\src\main\resources
2025-01-27 21:49:47,860 [Worker-21: Building] INFO  o.a.m.s.f.DefaultMavenResourcesFiltering - skip non existing resourceDirectory C:\InternetHerokuapp\InternetHerokuapp\src\test\resources
2025-01-27 21:49:58,329 [Worker-21: Building] INFO  o.a.m.s.f.DefaultMavenResourcesFiltering - skip non existing resourceDirectory C:\InternetHerokuapp\InternetHerokuapp\src\main\resources
2025-01-27 21:49:58,329 [Worker-21: Building] INFO  o.a.m.s.f.DefaultMavenResourcesFiltering - skip non existing resourceDirectory C:\InternetHerokuapp\InternetHerokuapp\src\test\resources
2025-01-27 21:53:39,450 [Worker-22: Building] INFO  o.a.m.s.f.DefaultMavenResourcesFiltering - skip non existing resourceDirectory C:\InternetHerokuapp\InternetHerokuapp\src\main\resources
2025-01-27 21:53:39,454 [Worker-22: Building] INFO  o.a.m.s.f.DefaultMavenResourcesFiltering - skip non existing resourceDirectory C:\InternetHerokuapp\InternetHerokuapp\src\test\resources
2025-01-27 21:56:27,248 [Worker-4: Building] INFO  o.a.m.s.f.DefaultMavenResourcesFiltering - skip non existing resourceDirectory C:\InternetHerokuapp\InternetHerokuapp\src\main\resources
2025-01-27 21:56:27,250 [Worker-4: Building] INFO  o.a.m.s.f.DefaultMavenResourcesFiltering - skip non existing resourceDirectory C:\InternetHerokuapp\InternetHerokuapp\src\test\resources
2025-01-27 21:57:38,132 [Worker-21: Building] INFO  o.a.m.s.f.DefaultMavenResourcesFiltering - skip non existing resourceDirectory C:\InternetHerokuapp\InternetHerokuapp\src\main\resources
2025-01-27 21:57:38,134 [Worker-21: Building] INFO  o.a.m.s.f.DefaultMavenResourcesFiltering - skip non existing resourceDirectory C:\InternetHerokuapp\InternetHerokuapp\src\test\resources
2025-01-27 21:58:43,948 [Worker-4: Building] INFO  o.a.m.s.f.DefaultMavenResourcesFiltering - skip non existing resourceDirectory C:\InternetHerokuapp\InternetHerokuapp\src\main\resources
2025-01-27 21:58:43,952 [Worker-4: Building] INFO  o.a.m.s.f.DefaultMavenResourcesFiltering - skip non existing resourceDirectory C:\InternetHerokuapp\InternetHerokuapp\src\test\resources
2025-01-27 22:00:46,500 [Worker-25: Building] INFO  o.a.m.s.f.DefaultMavenResourcesFiltering - skip non existing resourceDirectory C:\InternetHerokuapp\InternetHerokuapp\src\main\resources
2025-01-27 22:00:46,503 [Worker-25: Building] INFO  o.a.m.s.f.DefaultMavenResourcesFiltering - skip non existing resourceDirectory C:\InternetHerokuapp\InternetHerokuapp\src\test\resources
2025-01-27 22:14:16,130 [Worker-25: Building] INFO  o.a.m.s.f.DefaultMavenResourcesFiltering - skip non existing resourceDirectory C:\InternetHerokuapp\InternetHerokuapp\src\main\resources
2025-01-27 22:14:16,146 [Worker-25: Building] INFO  o.a.m.s.f.DefaultMavenResourcesFiltering - skip non existing resourceDirectory C:\InternetHerokuapp\InternetHerokuapp\src\test\resources
